<?xml version="1.0" encoding="UTF-8"?>
<!-- Generated by org.testng.reporters.JUnitReportReporter -->
<testsuite hostname="PC32371" failures="0" tests="7" name="com.test.OrangeHRMTest" time="94.339" errors="0" timestamp="2021-03-30T09:02:58 CEST" skipped="0">
  <testcase classname="com.test.OrangeHRMTest" name="VanillaPassportLoginPage" time="11.636"/>
  <testcase classname="com.test.OrangeHRMTest" name="VanillaPassportLogin" time="13.089"/>
  <testcase classname="com.test.OrangeHRMTest" name="Vanilla3DDashboardLogin" time="14.619"/>
  <testcase classname="com.test.OrangeHRMTest" name="Vanilla3DSPaceLoginTest" time="15.671"/>
  <testcase classname="com.test.OrangeHRMTest" name="VanillaFedSearchMonitoringTest" time="12.283"/>
  <testcase classname="com.test.OrangeHRMTest" name="VanillaFedsearchQueryStatusTest" time="14.903"/>
  <testcase classname="com.test.OrangeHRMTest" name="VanillaCentralFcsTest" time="12.138"/>
</testsuite> <!-- com.test.OrangeHRMTest -->
